Using pre-set license
Built from '2021.3/release' branch; Version is '2021.3.12f1 (8af3c3e441b1) revision 9106371'; Using compiler version '192829333'; Build Type 'Release'
OS: 'Windows 10  (10.0.19045) 64bit Professional' Language: 'en' Physical Memory: 15731 MB
BatchMode: 1, IsHumanControllingUs: 0, StartBugReporterOnCrash: 0, Is64bit: 1, IsPro: 1

COMMAND LINE ARGUMENTS:
C:\Program Files\Unity\Hub\Editor\2021.3.12f1\Editor\Unity.exe
-adb2
-batchMode
-noUpm
-name
AssetImportWorker1
-projectPath
C:/Users/veronika/Desktop/igra-3d
-logFile
Logs/AssetImportWorker1.log
-srvPort
51157
Successfully changed project path to: C:/Users/veronika/Desktop/igra-3d
C:/Users/veronika/Desktop/igra-3d
[UnityMemory] Configuration Parameters - Can be set up in boot.config
    "memorysetup-bucket-allocator-granularity=16"
    "memorysetup-bucket-allocator-bucket-count=8"
    "memorysetup-bucket-allocator-block-size=33554432"
    "memorysetup-bucket-allocator-block-count=8"
    "memorysetup-main-allocator-block-size=16777216"
    "memorysetup-thread-allocator-block-size=16777216"
    "memorysetup-gfx-main-allocator-block-size=16777216"
    "memorysetup-gfx-thread-allocator-block-size=16777216"
    "memorysetup-cache-allocator-block-size=4194304"
    "memorysetup-typetree-allocator-block-size=2097152"
    "memorysetup-profiler-bucket-allocator-granularity=16"
    "memorysetup-profiler-bucket-allocator-bucket-count=8"
    "memorysetup-profiler-bucket-allocator-block-size=33554432"
    "memorysetup-profiler-bucket-allocator-block-count=8"
    "memorysetup-profiler-allocator-block-size=16777216"
    "memorysetup-profiler-editor-allocator-block-size=1048576"
    "memorysetup-temp-allocator-size-main=16777216"
    "memorysetup-job-temp-allocator-block-size=2097152"
    "memorysetup-job-temp-allocator-block-size-background=1048576"
    "memorysetup-job-temp-allocator-reduction-small-platforms=262144"
    "memorysetup-temp-allocator-size-background-worker=32768"
    "memorysetup-temp-allocator-size-job-worker=262144"
    "memorysetup-temp-allocator-size-preload-manager=33554432"
    "memorysetup-temp-allocator-size-nav-mesh-worker=65536"
    "memorysetup-temp-allocator-size-audio-worker=65536"
    "memorysetup-temp-allocator-size-cloud-worker=32768"
    "memorysetup-temp-allocator-size-gi-baking-worker=262144"
    "memorysetup-temp-allocator-size-gfx=262144"
Refreshing native plugins compatible for Editor in 48.46 ms, found 2 plugins.
Preloading 0 native plugins for Editor in 0.00 ms.
Initialize engine version: 2021.3.12f1 (8af3c3e441b1)
[Subsystems] Discovering subsystems at path C:/Program Files/Unity/Hub/Editor/2021.3.12f1/Editor/Data/Resources/UnitySubsystems
[Subsystems] Discovering subsystems at path C:/Users/veronika/Desktop/igra-3d/Assets
GfxDevice: creating device client; threaded=0; jobified=0
Direct3D:
    Version:  Direct3D 11.0 [level 11.1]
    Renderer: NVIDIA GeForce GTX 1660 Ti (ID=0x2191)
    Vendor:   NVIDIA
    VRAM:     5991 MB
    Driver:   30.0.15.1278
Initialize mono
Mono path[0] = 'C:/Program Files/Unity/Hub/Editor/2021.3.12f1/Editor/Data/Managed'
Mono path[1] = 'C:/Program Files/Unity/Hub/Editor/2021.3.12f1/Editor/Data/MonoBleedingEdge/lib/mono/unityjit-win32'
Mono config path = 'C:/Program Files/Unity/Hub/Editor/2021.3.12f1/Editor/Data/MonoBleedingEdge/etc'
Using monoOptions --debugger-agent=transport=dt_socket,embedding=1,server=y,suspend=n,address=127.0.0.1:56580
Begin MonoManager ReloadAssembly
Registering precompiled unity dll's ...
Register platform support module: C:/Program Files/Unity/Hub/Editor/2021.3.12f1/Editor/Data/PlaybackEngines/WindowsStandaloneSupport/UnityEditor.WindowsStandalone.Extensions.dll
Registered in 0.010943 seconds.
Native extension for WindowsStandalone target not found
Refreshing native plugins compatible for Editor in 41.30 ms, found 2 plugins.
Preloading 0 native plugins for Editor in 0.00 ms.
Mono: successfully reloaded assembly
- Completed reload, in  0.866 seconds
Domain Reload Profiling:
	ReloadAssembly (867ms)
		BeginReloadAssembly (119ms)
			ExecutionOrderSort (0ms)
			DisableScriptedObjects (0ms)
			BackupInstance (0ms)
			ReleaseScriptingObjects (0ms)
			CreateAndSetChildDomain (1ms)
		EndReloadAssembly (586ms)
			LoadAssemblies (115ms)
			RebuildTransferFunctionScriptingTraits (0ms)
			SetupTypeCache (148ms)
			ReleaseScriptCaches (0ms)
			RebuildScriptCaches (43ms)
			SetupLoadedEditorAssemblies (321ms)
				LogAssemblyErrors (0ms)
				InitializePlatformSupportModulesInManaged (11ms)
				SetLoadedEditorAssemblies (0ms)
				RefreshPlugins (41ms)
				BeforeProcessingInitializeOnLoad (2ms)
				ProcessInitializeOnLoadAttributes (202ms)
				ProcessInitializeOnLoadMethodAttributes (64ms)
				AfterProcessingInitializeOnLoad (0ms)
				EditorAssembliesLoaded (0ms)
			ExecutionOrderSort2 (0ms)
			AwakeInstancesAfterBackupRestoration (0ms)
Platform modules already initialized, skipping
Registering precompiled user dll's ...
Registered in 0.004379 seconds.
Begin MonoManager ReloadAssembly
Native extension for WindowsStandalone target not found
Refreshing native plugins compatible for Editor in 0.44 ms, found 2 plugins.
Preloading 0 native plugins for Editor in 0.00 ms.
Mono: successfully reloaded assembly
- Completed reload, in  1.202 seconds
Domain Reload Profiling:
	ReloadAssembly (1203ms)
		BeginReloadAssembly (150ms)
			ExecutionOrderSort (0ms)
			DisableScriptedObjects (8ms)
			BackupInstance (0ms)
			ReleaseScriptingObjects (0ms)
			CreateAndSetChildDomain (27ms)
		EndReloadAssembly (888ms)
			LoadAssemblies (95ms)
			RebuildTransferFunctionScriptingTraits (0ms)
			SetupTypeCache (245ms)
			ReleaseScriptCaches (1ms)
			RebuildScriptCaches (60ms)
			SetupLoadedEditorAssemblies (438ms)
				LogAssemblyErrors (0ms)
				InitializePlatformSupportModulesInManaged (9ms)
				SetLoadedEditorAssemblies (1ms)
				RefreshPlugins (1ms)
				BeforeProcessingInitializeOnLoad (80ms)
				ProcessInitializeOnLoadAttributes (298ms)
				ProcessInitializeOnLoadMethodAttributes (39ms)
				AfterProcessingInitializeOnLoad (11ms)
				EditorAssembliesLoaded (0ms)
			ExecutionOrderSort2 (0ms)
			AwakeInstancesAfterBackupRestoration (8ms)
Platform modules already initialized, skipping
========================================================================
Worker process is ready to serve import requests
Launched and connected shader compiler UnityShaderCompiler.exe after 0.07 seconds
Refreshing native plugins compatible for Editor in 0.46 ms, found 2 plugins.
Preloading 0 native plugins for Editor in 0.00 ms.
Unloading 1695 Unused Serialized files (Serialized files now loaded: 0)
Unloading 19 unused Assets / (48.4 KB). Loaded Objects now: 2161.
Memory consumption went from 72.4 MB to 72.4 MB.
Total: 4.122000 ms (FindLiveObjects: 0.278400 ms CreateObjectMapping: 0.113900 ms MarkObjects: 3.605500 ms  DeleteObjects: 0.121600 ms)

AssetImportParameters requested are different than current active one (requested -> active):
  custom:video-decoder-ogg-theora: a1e56fd34408186e4bbccfd4996cb3dc -> 
  custom:container-muxer-webm: aa71ff27fc2769a1b78a27578f13a17b -> 
  custom:container-demuxer-webm: 4f35f7cbe854078d1ac9338744f61a02 -> 
  custom:video-encoder-webm-vp8: eb34c28f22e8b96e1ab97ce403110664 -> 
  custom:audio-encoder-webm-vorbis: bf7c407c2cedff20999df2af8eb42d56 -> 
  custom:framework-win-MediaFoundation: 216162199b28c13a410421893ffa2e32 -> 
  custom:container-demuxer-ogg: 62fdf1f143b41e24485cea50d1cbac27 -> 
  custom:video-decoder-webm-vp8: 9c59270c3fd7afecdb556c50c9e8de78 -> 
  custom:audio-decoder-ogg-vorbis: bf7c407c2cedff20999df2af8eb42d56 -> 
========================================================================
Received Import Request.
  Time since last request: 10929.715585 seconds.
  path: Assets/Scenes/End Screen.unity
  artifactKey: Guid(889556987866efb469abd64a9a8654b3) Importer(815301076,1909f56bfc062723c751e8b465ee728b)
Start importing Assets/Scenes/End Screen.unity using Guid(889556987866efb469abd64a9a8654b3) Importer(815301076,1909f56bfc062723c751e8b465ee728b)  -> (artifact id: 'c72d29f7c9e53a47c918803023268836') in 0.010791 seconds 
========================================================================
Received Import Request.
  Time since last request: 48.225575 seconds.
  path: Assets/Scenes/Level01/ReflectionProbe-0.exr
  artifactKey: Guid(7cdf5590a5e24cd4fbe243e72e294f80) Importer(815301076,1909f56bfc062723c751e8b465ee728b)
Start importing Assets/Scenes/Level01/ReflectionProbe-0.exr using Guid(7cdf5590a5e24cd4fbe243e72e294f80) Importer(815301076,1909f56bfc062723c751e8b465ee728b)  -> (artifact id: '1038dd952501f5501a9963b7980ffffc') in 0.168334 seconds 
========================================================================
Received Import Request.
  Time since last request: 0.946752 seconds.
  path: Assets/Scenes/Level02/ReflectionProbe-0.exr
  artifactKey: Guid(68e0d8c203f2d5a46a1b919d0139d726) Importer(815301076,1909f56bfc062723c751e8b465ee728b)
Start importing Assets/Scenes/Level02/ReflectionProbe-0.exr using Guid(68e0d8c203f2d5a46a1b919d0139d726) Importer(815301076,1909f56bfc062723c751e8b465ee728b)  -> (artifact id: '6880c5ce9034b6b4f178df9a7fc493a4') in 0.026495 seconds 
========================================================================
Received Import Request.
  Time since last request: 7.693068 seconds.
  path: Assets/Prefabs/Enemy.prefab
  artifactKey: Guid(49ff19daefce0a544a0495f1d1d33585) Importer(815301076,1909f56bfc062723c751e8b465ee728b)
Start importing Assets/Prefabs/Enemy.prefab using Guid(49ff19daefce0a544a0495f1d1d33585) Importer(815301076,1909f56bfc062723c751e8b465ee728b)  -> (artifact id: '11e34d9cfd880c7651aee68b30d51b8d') in 0.200558 seconds 
========================================================================
Received Import Request.
  Time since last request: 0.000037 seconds.
  path: Assets/Prefabs/Floor.prefab
  artifactKey: Guid(aae20ac3df5d53e42a0cba3c594f55c3) Importer(815301076,1909f56bfc062723c751e8b465ee728b)
Start importing Assets/Prefabs/Floor.prefab using Guid(aae20ac3df5d53e42a0cba3c594f55c3) Importer(815301076,1909f56bfc062723c751e8b465ee728b)  -> (artifact id: '14f3abba249b1484342d3c80693de4a5') in 0.027804 seconds 
========================================================================
Received Import Request.
  Time since last request: 0.000064 seconds.
  path: Assets/Prefabs/Finish.prefab
  artifactKey: Guid(03f862cfc69aaf644ac04486e32e3d0e) Importer(815301076,1909f56bfc062723c751e8b465ee728b)
Start importing Assets/Prefabs/Finish.prefab using Guid(03f862cfc69aaf644ac04486e32e3d0e) Importer(815301076,1909f56bfc062723c751e8b465ee728b)  -> (artifact id: '33cfaedfa8c1104e9ac584226a9e179c') in 0.031113 seconds 
========================================================================
Received Import Request.
  Time since last request: 0.000042 seconds.
  path: Assets/Prefabs/Player.prefab
  artifactKey: Guid(68771b180a37a2345a10db4cb4a0dcc7) Importer(815301076,1909f56bfc062723c751e8b465ee728b)
Start importing Assets/Prefabs/Player.prefab using Guid(68771b180a37a2345a10db4cb4a0dcc7) Importer(815301076,1909f56bfc062723c751e8b465ee728b)  -> (artifact id: '756b3daac00c28456d1f289681b9a9b3') in 0.029299 seconds 
========================================================================
Received Import Request.
  Time since last request: 1.370707 seconds.
  path: Assets/Music Tracks/InfiniteDoors.wav
  artifactKey: Guid(5059413ec429c4507bb7bca2286fad19) Importer(815301076,1909f56bfc062723c751e8b465ee728b)
Start importing Assets/Music Tracks/InfiniteDoors.wav using Guid(5059413ec429c4507bb7bca2286fad19) Importer(815301076,1909f56bfc062723c751e8b465ee728b)  -> (artifact id: 'cd8b87651f2690f359716ef3b708faed') in 0.133443 seconds 
========================================================================
Received Import Request.
  Time since last request: 0.000029 seconds.
  path: Assets/Music Tracks/Potato.wav
  artifactKey: Guid(87890a66193394e3cb7d6284cc6b4344) Importer(815301076,1909f56bfc062723c751e8b465ee728b)
Start importing Assets/Music Tracks/Potato.wav using Guid(87890a66193394e3cb7d6284cc6b4344) Importer(815301076,1909f56bfc062723c751e8b465ee728b)  -> (artifact id: '424012f5066bb7fa4e31d97c625fec6a') in 0.016516 seconds 
========================================================================
Received Import Request.
  Time since last request: 0.000034 seconds.
  path: Assets/Music Tracks/StreetLove.wav
  artifactKey: Guid(26364aaf1f64b40c1a047b0bacfbd10e) Importer(815301076,1909f56bfc062723c751e8b465ee728b)
Start importing Assets/Music Tracks/StreetLove.wav using Guid(26364aaf1f64b40c1a047b0bacfbd10e) Importer(815301076,1909f56bfc062723c751e8b465ee728b)  -> (artifact id: '999aad69d6f0004de13a33484fff0359') in 0.016526 seconds 
========================================================================
Received Import Request.
  Time since last request: 0.000025 seconds.
  path: Assets/Music Tracks/Tiny_Blocks.wav
  artifactKey: Guid(5d6e42b338547477aa7a88708f894463) Importer(815301076,1909f56bfc062723c751e8b465ee728b)
Start importing Assets/Music Tracks/Tiny_Blocks.wav using Guid(5d6e42b338547477aa7a88708f894463) Importer(815301076,1909f56bfc062723c751e8b465ee728b)  -> (artifact id: '760d2328b06c03100a03b1ede42b18c6') in 0.017834 seconds 
========================================================================
Received Import Request.
  Time since last request: 0.000037 seconds.
  path: Assets/Music Tracks/Zephyr.wav
  artifactKey: Guid(07f391589664f4e85904fa28802b4aa8) Importer(815301076,1909f56bfc062723c751e8b465ee728b)
Start importing Assets/Music Tracks/Zephyr.wav using Guid(07f391589664f4e85904fa28802b4aa8) Importer(815301076,1909f56bfc062723c751e8b465ee728b)  -> (artifact id: '2a53892533858455f10fb35be1905f30') in 0.014864 seconds 
========================================================================
Received Import Request.
  Time since last request: 0.838066 seconds.
  path: Assets/Materials/Enemy.mat
  artifactKey: Guid(170fbeb681a26904183a8a630c1ac431) Importer(815301076,1909f56bfc062723c751e8b465ee728b)
Start importing Assets/Materials/Enemy.mat using Guid(170fbeb681a26904183a8a630c1ac431) Importer(815301076,1909f56bfc062723c751e8b465ee728b)  -> (artifact id: '6d19f9aebf2b68f28c151191e681b4b0') in 0.040944 seconds 
========================================================================
Received Import Request.
  Time since last request: 0.000032 seconds.
  path: Assets/Materials/Floor.mat
  artifactKey: Guid(1a0199c09d4a31e47847a38e5d8711bc) Importer(815301076,1909f56bfc062723c751e8b465ee728b)
Start importing Assets/Materials/Floor.mat using Guid(1a0199c09d4a31e47847a38e5d8711bc) Importer(815301076,1909f56bfc062723c751e8b465ee728b)  -> (artifact id: '53e5e2a821d590d0e49831008e356a21') in 0.016608 seconds 
Editor requested this worker to shutdown with reason: Scaling down because of idle timeout
AssetImportWorker is now disconnected from the server
Process exiting
Exiting without the bug reporter. Application will terminate with return code 0